  ElectronicStore.cpp
D:\study\ООПиП\2course\Kursach\ElectronicStore\ElectronicStore\Client.hpp(81,19): warning C4244: 'initializing': conversion from 'float' to 'int', possible loss of data
  (compiling source file 'ElectronicStore.cpp')
  
D:\study\ООПиП\2course\Kursach\ElectronicStore\ElectronicStore\Client.hpp(247,10): warning C4267: 'initializing': conversion from 'size_t' to 'int', possible loss of data
  (compiling source file 'ElectronicStore.cpp')
  
D:\study\ООПиП\2course\Kursach\ElectronicStore\ElectronicStore\Employee.hpp(84,19): warning C4244: 'initializing': conversion from 'float' to 'int', possible loss of data
  (compiling source file 'ElectronicStore.cpp')
  
D:\study\ООПиП\2course\Kursach\ElectronicStore\ElectronicStore\Employee.hpp(184,10): warning C4267: 'initializing': conversion from 'size_t' to 'int', possible loss of data
  (compiling source file 'ElectronicStore.cpp')
  
D:\study\ООПиП\2course\Kursach\ElectronicStore\ElectronicStore\ElectronicStore.cpp(18,18): warning C4244: 'initializing': conversion from 'float' to 'int', possible loss of data
  Functions.cpp
D:\study\ООПиП\2course\Kursach\ElectronicStore\ElectronicStore\Client.hpp(81,19): warning C4244: 'initializing': conversion from 'float' to 'int', possible loss of data
  (compiling source file 'Functions.cpp')
  
D:\study\ООПиП\2course\Kursach\ElectronicStore\ElectronicStore\Client.hpp(247,10): warning C4267: 'initializing': conversion from 'size_t' to 'int', possible loss of data
  (compiling source file 'Functions.cpp')
  
D:\study\ООПиП\2course\Kursach\ElectronicStore\ElectronicStore\Employee.hpp(84,19): warning C4244: 'initializing': conversion from 'float' to 'int', possible loss of data
  (compiling source file 'Functions.cpp')
  
D:\study\ООПиП\2course\Kursach\ElectronicStore\ElectronicStore\Employee.hpp(184,10): warning C4267: 'initializing': conversion from 'size_t' to 'int', possible loss of data
  (compiling source file 'Functions.cpp')
  
D:\study\ООПиП\2course\Kursach\ElectronicStore\ElectronicStore\Functions.cpp(235,76): warning C4267: 'argument': conversion from 'size_t' to 'int', possible loss of data
D:\study\ООПиП\2course\Kursach\ElectronicStore\ElectronicStore\Functions.cpp(258,78): warning C4267: 'argument': conversion from 'size_t' to 'int', possible loss of data
D:\study\ООПиП\2course\Kursach\ElectronicStore\ElectronicStore\Functions.cpp(330,82): warning C4834: discarding return value of function with [[nodiscard]] attribute
D:\study\ООПиП\2course\Kursach\ElectronicStore\ElectronicStore\Functions.cpp(560,9): warning C4244: 'initializing': conversion from 'float' to 'int', possible loss of data
D:\study\ООПиП\2course\Kursach\ElectronicStore\ElectronicStore\Functions.cpp(615,17): warning C4244: 'initializing': conversion from 'float' to 'int', possible loss of data
D:\study\ООПиП\2course\Kursach\ElectronicStore\ElectronicStore\Functions.cpp(666,18): warning C4244: 'initializing': conversion from 'float' to 'int', possible loss of data
D:\study\ООПиП\2course\Kursach\ElectronicStore\ElectronicStore\Functions.cpp(797,21): warning C4244: '=': conversion from 'float' to 'int', possible loss of data
D:\study\ООПиП\2course\Kursach\ElectronicStore\ElectronicStore\Functions.cpp(843,9): warning C4244: 'initializing': conversion from 'float' to 'int', possible loss of data
D:\study\ООПиП\2course\Kursach\ElectronicStore\ElectronicStore\Functions.cpp(901,23): warning C4244: '=': conversion from 'float' to 'int', possible loss of data
D:\study\ООПиП\2course\Kursach\ElectronicStore\ElectronicStore\Functions.cpp(921,12): warning C4244: 'initializing': conversion from 'float' to 'int', possible loss of data
D:\study\ООПиП\2course\Kursach\ElectronicStore\ElectronicStore\Functions.cpp(1037,19): warning C4244: 'initializing': conversion from 'double' to 'int', possible loss of data
D:\study\ООПиП\2course\Kursach\ElectronicStore\ElectronicStore\Functions.cpp(1079,14): warning C4244: 'initializing': conversion from 'float' to 'int', possible loss of data
D:\study\ООПиП\2course\Kursach\ElectronicStore\ElectronicStore\Functions.cpp(1203,18): warning C4244: 'initializing': conversion from 'float' to 'int', possible loss of data
D:\study\ООПиП\2course\Kursach\ElectronicStore\ElectronicStore\Functions.cpp(1250,25): warning C4244: '=': conversion from 'float' to 'int', possible loss of data
D:\study\ООПиП\2course\Kursach\ElectronicStore\ElectronicStore\Functions.cpp(1306,9): warning C4267: 'initializing': conversion from 'size_t' to 'int', possible loss of data
D:\study\ООПиП\2course\Kursach\ElectronicStore\ElectronicStore\Functions.cpp(1311,12): warning C4244: 'initializing': conversion from 'float' to 'int', possible loss of data
D:\study\ООПиП\2course\Kursach\ElectronicStore\ElectronicStore\Functions.cpp(1315,22): warning C4244: '=': conversion from 'float' to 'int', possible loss of data
D:\study\ООПиП\2course\Kursach\ElectronicStore\ElectronicStore\Functions.cpp(1382,20): warning C4244: 'initializing': conversion from 'float' to 'int', possible loss of data
D:\study\ООПиП\2course\Kursach\ElectronicStore\ElectronicStore\Functions.cpp(1395,30): warning C4244: '=': conversion from 'float' to 'int', possible loss of data
D:\study\ООПиП\2course\Kursach\ElectronicStore\ElectronicStore\Functions.cpp(1464,9): warning C4267: 'initializing': conversion from 'size_t' to 'int', possible loss of data
D:\study\ООПиП\2course\Kursach\ElectronicStore\ElectronicStore\Functions.cpp(1469,12): warning C4244: 'initializing': conversion from 'float' to 'int', possible loss of data
D:\study\ООПиП\2course\Kursach\ElectronicStore\ElectronicStore\Functions.cpp(1473,22): warning C4244: '=': conversion from 'float' to 'int', possible loss of data
D:\study\ООПиП\2course\Kursach\ElectronicStore\ElectronicStore\Functions.cpp(1562,21): warning C4244: 'initializing': conversion from 'float' to 'int', possible loss of data
D:\study\ООПиП\2course\Kursach\ElectronicStore\ElectronicStore\Functions.cpp(1580,31): warning C4244: '=': conversion from 'float' to 'int', possible loss of data
D:\study\ООПиП\2course\Kursach\ElectronicStore\ElectronicStore\Functions.cpp(1625,16): warning C4244: 'initializing': conversion from 'float' to 'int', possible loss of data
D:\study\ООПиП\2course\Kursach\ElectronicStore\ElectronicStore\Functions.cpp(1695,19): warning C4244: 'initializing': conversion from 'double' to 'int', possible loss of data
D:\study\ООПиП\2course\Kursach\ElectronicStore\ElectronicStore\Functions.cpp(1730,18): warning C4244: 'initializing': conversion from 'float' to 'int', possible loss of data
D:\study\ООПиП\2course\Kursach\ElectronicStore\ElectronicStore\Functions.cpp(32,18): warning C4244: 'initializing': conversion from 'float' to 'int', possible loss of data
  D:\study\ООПиП\2course\Kursach\ElectronicStore\ElectronicStore\Functions.cpp(32,18):
  the template instantiation context (the oldest one first) is
  	D:\study\ООПиП\2course\Kursach\ElectronicStore\ElectronicStore\Functions.cpp(1223,8):
  	see reference to function template instantiation 'int personalCabinet<client::Client*>(T &)' being compiled
          with
          [
              T=client::Client *
          ]
  
  Generating Code...
D:\study\ООПиП\2course\Kursach\ElectronicStore\ElectronicStore\Functions.cpp(687): warning C4172: returning address of local variable or temporary: productsVector
  ElectronicStore.vcxproj -> D:\study\ООПиП\2course\Kursach\ElectronicStore\x64\Debug\ElectronicStore.exe
